<?xml version="1.0" encoding="UTF-8"?>
<testng-results ignored="0" total="0" passed="0" failed="0" skipped="0">
  <reporter-output>
  </reporter-output>
  <suite started-at="2023-02-10T01:33:04 IST" name="Default suite" finished-at="2023-02-10T01:33:17 IST" duration-ms="13500">
    <groups>
    </groups>
    <test started-at="2023-02-10T01:33:04 IST" name="Default test" finished-at="2023-02-10T01:33:17 IST" duration-ms="13500">
      <class name="com.stepdefinition.StepDefinition">
        <test-method is-config="true" signature="navigate_to_flipkart_page()[pri:0, instance:com.stepdefinition.StepDefinition@38c6f217]" started-at="2023-02-10T01:33:04 IST" name="navigate_to_flipkart_page" finished-at="2023-02-10T01:33:17 IST" duration-ms="13454" status="PASS">
          <reporter-output>
          </reporter-output>
        </test-method> <!-- navigate_to_flipkart_page -->
      </class> <!-- com.stepdefinition.StepDefinition -->
    </test> <!-- Default test -->
  </suite> <!-- Default suite -->
</testng-results>
